<?xml version="1.0" encoding="UTF-8"?>
<testsuite name="Pruebas Usuarios" tests="1" skipped="0" failures="0" errors="0" timestamp="2024-11-30T08:29:50" hostname="PE-HO-065" time="43.124">
  <properties/>
  <testcase name="ingresar a la pagina de la aerocivil y descargo un informe" classname="Pruebas Usuarios" time="43.124"/>
  <system-out><![CDATA[]]></system-out>
  <system-err><![CDATA[nov 30, 2024 3:29:50 AM org.openqa.selenium.remote.DesiredCapabilities chrome
INFORMACIÓN: Using `new ChromeOptions()` is preferred to `DesiredCapabilities.chrome()`
[Test worker] INFO net.serenitybdd.core.webdriver.driverproviders.ProvideNewDriver - Instantiating driver
[Test worker] INFO net.serenitybdd.core.webdriver.driverproviders.ProvideNewDriver - Driver capabilities: Capabilities {acceptInsecureCerts: false, browserName: chrome, chrome.switches: --start-maximized --test-ty..., goog:chromeOptions: {args: [--start-maximized, --test-type, --no-sandbox, --lang=es, --disable-popup-blocking, --disable-download-notifica..., --ignore-certificate-errors, --allow-running-insecure-co..., --disable-translate, --always-authorize-plugins, --disable-extensions, --remote-allow-origins=*], extensions: []}, loggingPrefs: org.openqa.selenium.logging..., platform: ANY, version: }
Starting ChromeDriver 131.0.6778.85 (3d81e41b6f3ac8bcae63b32e8145c9eb0cd60a2d-refs/branch-heads/6778@{#2285}) on port 47227
Only local connections are allowed.
Please see https://chromedriver.chromium.org/security-considerations for suggestions on keeping ChromeDriver safe.
ChromeDriver was started successfully on port 47227.
nov 30, 2024 3:29:53 AM org.openqa.selenium.remote.ProtocolHandshake createSession
INFORMACIÓN: Detected dialect: W3C
[Test worker] INFO net.thucydides.core.steps.ConsoleLoggingListener - 
        __    _____ _____ ____ _____   ____   _    ____  ____  _____ ____  
  _     \ \  |_   _| ____/ ___|_   _| |  _ \ / \  / ___|/ ___|| ____|  _ \ 
 (_)_____| |   | | |  _| \___ \ | |   | |_) / _ \ \___ \\___ \|  _| | | | |
  _|_____| |   | | | |___ ___) || |   |  __/ ___ \ ___) |___) | |___| |_| |
 (_)     | |   |_| |_____|____/ |_|   |_| /_/   \_\____/|____/|_____|____/ 
        /_/                                                                

TEST PASSED: ingresar a la pagina de la aerocivil y descargo un informe
----------------------------------------------------------------------------
]]></system-err>
</testsuite>
